<?xml version="1.0" encoding="UTF-8"?>
<!-- Generated by org.testng.reporters.JUnitXMLReporter -->
<testsuite hostname="DESKTOP-RRIFBJJ" name="Default test" tests="1" failures="0" timestamp="31 Oct 2023 02:30:18 GMT" time="0.075" errors="0">
  <testcase name="@BeforeClass Base" time="0.0" classname="testCasesArea.AdministrationTC">
    <failure type="org.testng.TestNGException" message="
Parameter &amp;apos;browser&amp;apos; is required by @Configuration on method Base but has not been marked @Optional or defined
in C:\Users\Acer\AppData\Local\Temp\testng-eclipse--362562189\testng-customsuite.xml">
      <![CDATA[org.testng.TestNGException: 
Parameter 'browser' is required by @Configuration on method Base but has not been marked @Optional or defined
in C:\Users\Acer\AppData\Local\Temp\testng-eclipse--362562189\testng-customsuite.xml
	at org.testng.internal.Parameters.createParameters(Parameters.java:159)
	at org.testng.internal.Parameters.createParameters(Parameters.java:372)
	at org.testng.internal.Parameters.createConfigurationParameters(Parameters.java:90)
	at org.testng.internal.Invoker.invokeConfigurations(Invoker.java:199)
	at org.testng.internal.Invoker.invokeConfigurations(Invoker.java:140)
	at org.testng.internal.TestMethodWorker.invokeBeforeClassMethods(TestMethodWorker.java:170)
	at org.testng.internal.TestMethodWorker.run(TestMethodWorker.java:104)
	at org.testng.TestRunner.privateRun(TestRunner.java:771)
	at org.testng.TestRunner.run(TestRunner.java:621)
	at org.testng.SuiteRunner.runTest(SuiteRunner.java:357)
	at org.testng.SuiteRunner.runSequentially(SuiteRunner.java:352)
	at org.testng.SuiteRunner.privateRun(SuiteRunner.java:310)
	at org.testng.SuiteRunner.run(SuiteRunner.java:259)
	at org.testng.SuiteRunnerWorker.runSuite(SuiteRunnerWorker.java:52)
	at org.testng.SuiteRunnerWorker.run(SuiteRunnerWorker.java:86)
	at org.testng.TestNG.runSuitesSequentially(TestNG.java:1200)
	at org.testng.TestNG.runSuitesLocally(TestNG.java:1125)
	at org.testng.TestNG.run(TestNG.java:1033)
	at org.testng.remote.RemoteTestNG.run(RemoteTestNG.java:111)
	at org.testng.remote.RemoteTestNG.initAndRun(RemoteTestNG.java:204)
	at org.testng.remote.RemoteTestNG.main(RemoteTestNG.java:175)
]]>
    </failure>
  </testcase> <!-- @BeforeClass Base -->
  <testcase name="@BeforeClass loginToApplication" time="0.0" classname="testCasesArea.AdministrationTC">
    <skipped/>
  </testcase> <!-- @BeforeClass loginToApplication -->
  <testcase name="@AfterClass tearDown" time="0.0" classname="testCasesArea.AdministrationTC">
    <skipped/>
  </testcase> <!-- @AfterClass tearDown -->
  <testcase name="verifyGroupAgent" time="0.004" classname="testCasesArea.AdministrationTC">
    <skipped/>
  </testcase> <!-- verifyGroupAgent -->
</testsuite> <!-- Default test -->
